#
# A fatal error has been detected by the Java Runtime Environment:
#
#  EXCEPTION_UNCAUGHT_CXX_EXCEPTION (0xe06d7363) at pc=0x00007ff9f926474c, pid=7968, tid=0x0000000000002d28
#
# JRE version: Java(TM) SE Runtime Environment (8.0_333-b02) (build 1.8.0_333-b02)
# Java VM: Java HotSpot(TM) 64-Bit Server VM (25.333-b02 mixed mode windows-amd64 compressed oops)
# Problematic frame:
# C  [KERNELBASE.dll+0x4474c]
#
# Failed to write core dump. Minidumps are not enabled by default on client versions of Windows
#
# If you would like to submit a bug report, please visit:
#   http://bugreport.java.com/bugreport/crash.jsp
# The crash happened outside the Java Virtual Machine in native code.
# See problematic frame for where to report the bug.
#

---------------  T H R E A D  ---------------

Current thread (0x0000014f52c5d000):  JavaThread "main" [_thread_in_native, id=11560, stack(0x00000004a9800000,0x00000004a99f0000)]

siginfo: ExceptionCode=0xe06d7363, ExceptionInformation=0x0000000019930520 0x00000004a99e92e0 0x00007ff98c3e5cd8 0x00007ff98c380000 

Registers:
RAX=0x0000014f69319890, RBX=0x00000004a99e8990, RCX=0x0000014f52c5d000, RDX=0x0000000100001ef8
RSP=0x00000004a99e6ed0, RBP=0x00000004a99e75b0, RSI=0x00000004a99e9150, RDI=0x00000004a99e7d60
R8 =0x0000014f52c5d000, R9 =0x00000004a99e6f70, R10=0x00000004a99e7d20, R11=0x0000014f582362a6
R12=0x0000000000000000, R13=0x00000004a99e7038, R14=0x00000004a99e9360, R15=0x00000004a99e7ec8
RIP=0x00007ff9f926474c, EFLAGS=0x0000000000000206

Top of Stack: (sp=0x00000004a99e6ed0)
0x00000004a99e6ed0:   0000000000000000 00000004a99e8990
0x00000004a99e6ee0:   00000004a99e9150 00007ff98c39bb91
0x00000004a99e6ef0:   00000081e06d7363 0000000000000000
0x00000004a99e6f00:   00007ff9f926474c 0000000000000004
0x00000004a99e6f10:   0000000019930520 00000004a99e92e0
0x00000004a99e6f20:   00007ff98c3e5cd8 00007ff98c380000
0x00000004a99e6f30:   00009fc7de83b138 00007ff98c3cdfbf
0x00000004a99e6f40:   00000004a99e8990 00007ff9c7b43489
0x00000004a99e6f50:   0000000400000000 00007ff9c7b480e4
0x00000004a99e6f60:   00007ff9e96162b0 00007ff9e9616280
0x00000004a99e6f70:   00000004a99e7d60 00007ff9c7b433c9
0x00000004a99e6f80:   00000004a99e8990 00000004a99e9150
0x00000004a99e6f90:   0000686cbf22bace 00007ff9e9616280
0x00000004a99e6fa0:   00000004a99e8990 00007ff9c7b42743
0x00000004a99e6fb0:   00007ff98c3cdf80 00000004a99e7ec8
0x00000004a99e6fc0:   0000014f00000100 0000014f52c5d000 

Instructions: (pc=0x00007ff9f926474c)
0x00007ff9f926472c:   0f 46 c0 44 8b c0 44 89 44 24 38 49 c1 e0 03 e8
0x00007ff9f926473c:   07 70 07 00 48 8d 4c 24 20 48 ff 15 d4 c5 1f 00
0x00007ff9f926474c:   0f 1f 44 00 00 48 8b 8c 24 c0 00 00 00 48 33 cc
0x00007ff9f926475c:   e8 cf b0 06 00 48 81 c4 d8 00 00 00 c3 cc 83 64 


Register to memory mapping:

RAX=0x0000014f69319890 is pointing into metadata
RBX=0x00000004a99e8990 is pointing into the stack for thread: 0x0000014f52c5d000
RCX=0x0000014f52c5d000 is a thread
RDX=0x0000000100001ef8 is pointing into metadata
RSP=0x00000004a99e6ed0 is pointing into the stack for thread: 0x0000014f52c5d000
RBP=0x00000004a99e75b0 is pointing into the stack for thread: 0x0000014f52c5d000
RSI=0x00000004a99e9150 is pointing into the stack for thread: 0x0000014f52c5d000
RDI=0x00000004a99e7d60 is pointing into the stack for thread: 0x0000014f52c5d000
R8 =0x0000014f52c5d000 is a thread
R9 =0x00000004a99e6f70 is pointing into the stack for thread: 0x0000014f52c5d000
R10=0x00000004a99e7d20 is pointing into the stack for thread: 0x0000014f52c5d000
R11=0x0000014f582362a6 is at code_begin+134 in 
[CodeBlob (0x0000014f582361d0)]
Framesize: 88
Runtime Stub (0x0000014f582361d0): resolve_opt_virtual_call
